[31mfailed to load config from C:\Users\Chaitanya\Desktop\AstraLearn\frontend\vite.config.js[39m
[31merror when starting dev server:
Error: Build failed with 1 error:

[plugin externalize-deps]
Error: spawn EPERM
    at ChildProcess.spawn (node:internal/child_process:420:11)
    at spawn (node:child_process:753:9)
    at Object.execFile (node:child_process:346:17)
    at exec (node:child_process:233:25)
    at optimizeSafeRealPathSync (file:///C:/Users/Chaitanya/Desktop/AstraLearn/frontend/node_modules/vite/dist/node/chunks/node.js:1948:2)
    at windowsSafeRealPathSync (file:///C:/Users/Chaitanya/Desktop/AstraLearn/frontend/node_modules/vite/dist/node/chunks/node.js:1934:3)
    at getRealPath (file:///C:/Users/Chaitanya/Desktop/AstraLearn/frontend/node_modules/vite/dist/node/chunks/node.js:32467:36)
    at tryResolveRealFileOrType (file:///C:/Users/Chaitanya/Desktop/AstraLearn/frontend/node_modules/vite/dist/node/chunks/node.js:32461:9)
    at tryCleanFsResolve (file:///C:/Users/Chaitanya/Desktop/AstraLearn/frontend/node_modules/vite/dist/node/chunks/node.js:32210:21)
    at tryFsResolve (file:///C:/Users/Chaitanya/Desktop/AstraLearn/frontend/node_modules/vite/dist/node/chunks/node.js:32203:14)
    at aggregateBindingErrorsIntoJsError (file:///C:/Users/Chaitanya/Desktop/AstraLearn/frontend/node_modules/rolldown/dist/shared/error-D4ASW9r2.mjs:48:18)
    at unwrapBindingResult (file:///C:/Users/Chaitanya/Desktop/AstraLearn/frontend/node_modules/rolldown/dist/shared/error-D4ASW9r2.mjs:18:128)
    at #build (file:///C:/Users/Chaitanya/Desktop/AstraLearn/frontend/node_modules/rolldown/dist/shared/rolldown-build-CorVA9v1.mjs:3255:34)
    at async bundleConfigFile (file:///C:/Users/Chaitanya/Desktop/AstraLearn/frontend/node_modules/vite/dist/node/chunks/node.js:34735:17)
    at async bundleAndLoadConfigFile (file:///C:/Users/Chaitanya/Desktop/AstraLearn/frontend/node_modules/vite/dist/node/chunks/node.js:34643:18)
    at async loadConfigFromFile (file:///C:/Users/Chaitanya/Desktop/AstraLearn/frontend/node_modules/vite/dist/node/chunks/node.js:34612:42)
    at async resolveConfig (file:///C:/Users/Chaitanya/Desktop/AstraLearn/frontend/node_modules/vite/dist/node/chunks/node.js:34237:22)
    at async _createServer (file:///C:/Users/Chaitanya/Desktop/AstraLearn/frontend/node_modules/vite/dist/node/chunks/node.js:26026:65)
    at async CAC.<anonymous> (file:///C:/Users/Chaitanya/Desktop/AstraLearn/frontend/node_modules/vite/dist/node/cli.js:709:18) {
  errors: [Getter/Setter]
}[39m
